[15:40:13] [Render thread/INFO] [JMLogger] JourneyMap log initialized.
[15:40:13] [Render thread/INFO] [JourneymapClient] initialize ENTER
[15:40:14] [Render thread/INFO] [?] Version: JourneyMap 1.16.5-5.7.1, built with Forge 1.16.5-36.0.42
Forge: 36.0.42
Environment: os.name, os.arch, java.version, user.country, user.language=null, game language=en_us, locale=en_us
Features: 
	RadarPlayers : singleplayer = true , multiplayer = true
	RadarAnimals : singleplayer = true , multiplayer = true
	RadarMobs : singleplayer = true , multiplayer = true
	RadarVillagers : singleplayer = true , multiplayer = true
	MapTopo : singleplayer = true , multiplayer = true
	MapSurface : singleplayer = true , multiplayer = true
	MapCaves : singleplayer = true , multiplayer = true
MiniMapProperties{state=Valid, file=journeymap.minimap.config, configVersion=5.7.1, zoomLevel=0, showPlayers=true, frameAlpha=100, compassFontScale=1, terrainAlpha=100, showEntityNames=true, enabled=true, showPlayerHeading=true, showVillagers=true, info2Label=jm.theme.labelsource.gametime, sizePercent=30, showDayNight=true, info3Label=jm.theme.labelsource.location, showMobs=true, showPets=true, preferredMapType=day, showCompass=true, mobDisplay=jm.common.entity_display.small_dots, showReticle=true, orientation=jm.minimap.orientation.north, systemTimeRealFormat=HH:mm:ss, shape=jm.minimap.shape_circle, showSelf=true, info4Label=jm.theme.labelsource.biome, locationFormat=xzyv, playerDisplay=jm.common.entity_display.small_dots, showGrid=true, reticleOrientation=jm.minimap.orientation.compass, gameTimeRealFormat=HH:mm:ss, showWaypoints=true, showCaves=true, showAnimals=true, showMobHeading=true, showWaypointLabels=true, locationFormatVerbose=true, position=jm.minimap.position_topright, info1Label=jm.theme.labelsource.blank, fontScale=1}
MiniMapProperties{state=Valid, file=journeymap.minimap2.config, configVersion=5.7.1, zoomLevel=0, showPlayers=true, frameAlpha=100, compassFontScale=1, terrainAlpha=100, showEntityNames=true, enabled=true, showPlayerHeading=true, showVillagers=true, info2Label=jm.theme.labelsource.gametime, sizePercent=30, showDayNight=true, info3Label=jm.theme.labelsource.location, showMobs=true, showPets=true, preferredMapType=day, showCompass=true, mobDisplay=jm.common.entity_display.small_dots, showReticle=true, orientation=jm.minimap.orientation.north, systemTimeRealFormat=HH:mm:ss, shape=jm.minimap.shape_rectangle, showSelf=true, info4Label=jm.theme.labelsource.biome, locationFormat=xzyv, playerDisplay=jm.common.entity_display.small_dots, showGrid=true, reticleOrientation=jm.minimap.orientation.compass, gameTimeRealFormat=HH:mm:ss, showWaypoints=true, showCaves=true, showAnimals=true, showMobHeading=true, showWaypointLabels=true, locationFormatVerbose=true, position=jm.minimap.position_topright, info1Label=jm.theme.labelsource.blank, fontScale=1}
FullMapProperties{state=Valid, file=journeymap.fullmap.config, configVersion=5.7.1, mobDisplay=jm.common.entity_display.small_dots, zoomLevel=0, showPlayers=true, showSelf=true, locationFormat=xzyv, playerDisplay=jm.common.entity_display.small_dots, showGrid=false, showEntityNames=true, showPlayerHeading=true, showVillagers=true, showWaypoints=true, showCaves=true, showAnimals=true, showMobHeading=true, showKeys=true, showWaypointLabels=true, locationFormatVerbose=true, showMobs=true, showPets=true, fontScale=1, preferredMapType=day}
WaypointProperties{state=Valid, file=journeymap.waypoint.config, configVersion=5.7.1, autoRemoveDeathpointDistance=2, createDeathpoints=true, showName=true, dateFormat=MM-dd-yyyy, autoRemoveDeathpoints=false, maxDistance=0, autoHideLabel=true, teleportCommand=/tp {name} {x} {y} {z}, showStaticBeam=true, fullscreenDoubleClickToCreate=true, minDistance=4, timeFormat=HH:mm:ss, boldLabel=false, textureSmall=true, showDeathpointlabel=true, showDistance=true, showRotatingBeam=true, fontScale=2, showTexture=true, managerEnabled=true, beaconEnabled=true}
WebMapProperties{state=Valid, file=journeymap.webmap.config, configVersion=5.7.1, zoomLevel=0, showWaypoints=true, showCaves=true, showSelf=true, port=8080, showGrid=true, showEntityNames=true, enabled=false, preferredMapType=day}
CoreProperties{state=Valid, file=journeymap.core.config, configVersion=5.7.1, verboseColorPalette=false, maxPlayersData=32, mapSurfaceAboveCaves=true, optionsManagerViewed=5.7.1, announceMod=true, colorPassive=#bbbbbb, renderOverlayEventTypeName=ALL, mapBlendWater=true, renderDistanceSurfaceMax=7, radarVerticalDistance=16, mapBlendGrass=true, recordCacheStats=false, hideSneakingEntities=false, revealShape=jm.minimap.shape_circle, alwaysMapSurface=true, colorVillager=#88e188, mapPlants=false, colorPet=#0077ff, radarLateralDistance=64, mapBathymetry=true, mapCrops=true, maxMobsData=32, mapPlantShadows=false, alwaysMapCaves=true, checkUpdates=true, browserPoll=2000, mapBlendFoliage=true, mappingEnabled=true, colorPlayer=#ffffff, tileHighDisplayQuality=true, cacheVillagersData=2200, logLevel=OFF, maxVillagersData=32, maxAnimalsData=32, mapTransparency=true, tileRenderType=1, caveIgnoreGlass=true, mapTopography=true, renderDistanceCaveMax=3, mapAntialiasing=true, colorSelf=#0000ff, cachePlayersData=2000, cacheMobsData=3000, cachePlayerData=1000, splashViewed=5.7.1, colorHostile=#ff0000, cacheAnimalsData=3100, themeName=Purist, mapCaveLighting=true, renderDelay=2, renderOverlayPreEvent=true, autoMapPoll=2000}
[15:40:14] [Render thread/INFO] [ClientAPI] [ClientAPI] built with JourneyMap API 1.6-SNAPSHOT
[15:40:14] [Render thread/INFO] [PluginHelper] Initializing plugins with Client API: journeymap.client.api.impl.ClientAPI
[15:40:14] [Render thread/INFO] [JourneymapClient] initialize EXIT, elapsed count 0 avg ?ms
[15:40:14] [Render thread/DEBUG] [JourneymapClient] postInitialize ENTER
[15:40:14] [Render thread/DEBUG] [EventHandlerManager] Handler registered: journeymap.client.forge.event.KeyEventHandler
[15:40:14] [Render thread/DEBUG] [EventHandlerManager] Handler registered: journeymap.client.forge.event.ChatEventHandler
[15:40:14] [Render thread/DEBUG] [EventHandlerManager] Handler registered: journeymap.client.forge.event.StateTickHandler
[15:40:14] [Render thread/DEBUG] [EventHandlerManager] Handler registered: journeymap.client.forge.event.WorldEventHandler
[15:40:14] [Render thread/DEBUG] [EventHandlerManager] Handler registered: journeymap.client.forge.event.WaypointBeaconHandler
[15:40:14] [Render thread/DEBUG] [EventHandlerManager] Handler registered: journeymap.client.forge.event.TextureAtlasHandler
[15:40:14] [Render thread/DEBUG] [EventHandlerManager] Handler registered: journeymap.client.forge.event.MiniMapOverlayHandler
[15:40:14] [Render thread/DEBUG] [EventHandlerManager] Handler registered: journeymap.client.forge.event.PlayerConnectHandler
[15:40:14] [Render thread/DEBUG] [EventHandlerManager] Handler registered: journeymap.client.world.ChunkMonitor
[15:40:14] [Render thread/INFO] [IconSetFileHandler] Added entity icons from journeymap:icon/entity. Success: false
[15:40:14] [Render thread/TRACE] [ThemeLoader] Initializing themes ...
[15:40:14] [Render thread/INFO] [ThemeLoader] Preloaded theme textures: 73
[15:40:14] [Render thread/DEBUG] [JourneymapClient] postInitialize EXIT, elapsed§8 count §r1§8 avg §r502.44§8ms§r
[15:40:14] [JM-VersionCheck-1/WARN] [VersionCheck$1] No versions found online for 1.16.5
[15:48:27] [Render thread/ERROR] [JMLogger] Error during MiniMap.drawMap(): Width (0) and height (0) cannot be <= 0 (SUPPRESSED)
[15:48:27] [Render thread/ERROR] [JMLogger] java.lang.IllegalArgumentException: Width (0) and height (0) cannot be <= 0
	at java.awt.image.DirectColorModel.createCompatibleWritableRaster(DirectColorModel.java:1016)
	at java.awt.image.BufferedImage.<init>(BufferedImage.java:340)
	at journeymap.client.render.map.GridRenderer.center(GridRenderer.java:246)
	at journeymap.client.ui.minimap.MiniMap.initGridRenderer(MiniMap.java:133)
	at journeymap.client.ui.minimap.MiniMap.updateDisplayVars(MiniMap.java:719)
	at journeymap.client.ui.minimap.MiniMap.updateDisplayVars(MiniMap.java:695)
	at journeymap.client.ui.minimap.MiniMap.drawMap(MiniMap.java:236)
	at journeymap.client.ui.minimap.MiniMap.drawMap(MiniMap.java:174)
	at journeymap.client.ui.UIManager.drawMiniMap(UIManager.java:332)
	at journeymap.client.forge.event.MiniMapOverlayHandler.onRenderOverlay(MiniMapOverlayHandler.java:103)
	at net.minecraftforge.eventbus.ASMEventHandler_431_MiniMapOverlayHandler_onRenderOverlay_RenderGameOverlayEvent.invoke(.dynamic)
	at net.minecraftforge.eventbus.ASMEventHandler.invoke(ASMEventHandler.java:85)
	at net.minecraftforge.eventbus.EventBus$$Lambda$2589/1397979507.invoke(Unknown Source)
	at net.minecraftforge.eventbus.EventBus.post(EventBus.java:302)
	at net.minecraftforge.eventbus.EventBus.post(EventBus.java:283)
	at net.minecraftforge.client.gui.ForgeIngameGui.pre(ForgeIngameGui.java:828)
	at net.minecraftforge.client.gui.ForgeIngameGui.func_238445_a_(ForgeIngameGui.java:121)
	at net.minecraft.client.renderer.GameRenderer.func_195458_a(GameRenderer.java:765)
	at net.minecraft.client.Minecraft.func_195542_b(Minecraft.java:976)
	at net.minecraft.client.Minecraft.func_99999_d(Minecraft.java:607)
	at net.minecraft.client.main.Main.main(Main.java:184)
	at sun.reflect.NativeMethodAccessorImpl.invoke0(Native Method)
	at sun.reflect.NativeMethodAccessorImpl.invoke(NativeMethodAccessorImpl.java:62)
	at sun.reflect.DelegatingMethodAccessorImpl.invoke(DelegatingMethodAccessorImpl.java:43)
	at java.lang.reflect.Method.invoke(Method.java:497)
	at net.minecraftforge.fml.loading.FMLClientLaunchProvider.lambda$launchService$0(FMLClientLaunchProvider.java:51)
	at net.minecraftforge.fml.loading.FMLClientLaunchProvider$$Lambda$458/58791184.call(Unknown Source)
	at cpw.mods.modlauncher.LaunchServiceHandlerDecorator.launch(LaunchServiceHandlerDecorator.java:37)
	at cpw.mods.modlauncher.LaunchServiceHandler.launch(LaunchServiceHandler.java:54)
	at cpw.mods.modlauncher.LaunchServiceHandler.launch(LaunchServiceHandler.java:72)
	at cpw.mods.modlauncher.Launcher.run(Launcher.java:82)
	at cpw.mods.modlauncher.Launcher.main(Launcher.java:66)

[16:30:29] [Render thread/WARN] [ColorPalette] Existing color palette's resource packs no longer match current loadout.
